
[0;32m============================================================[0m
[0;32m== Starting rebuild of Agri Data Pipeline[0m
[0;32m============================================================[0m

[0;32m============================================================[0m
[0;32m== 1. Cleaning up existing containers[0m
[0;32m============================================================[0m
Stopping Kafka containers...
Stopping Airflow containers...
Stopping Spark containers...
Stopping streaming containers...
Stopping Postgres containers...
Stopping Metabase containers...
Removing any dangling containers...
Total reclaimed space: 0B
fatal: Unable to create '/home/abhay/DE1/agri_data_pipeline/.git/index.lock': File exists.

Another git process seems to be running in this repository, e.g.
an editor opened by 'git commit'. Please make sure all processes
are terminated then try again. If it still fails, a git process
may have crashed in this repository earlier:
remove the file manually to continue.
