25/03/30 10:28:39 WARN NativeCodeLoader: Unable to load native-hadoop library for your platform... using builtin-java classes where applicable
25/03/30 10:28:45 INFO SparkContext: Running Spark version 3.3.1
25/03/30 10:28:46 INFO ResourceUtils: ==============================================================
25/03/30 10:28:46 INFO ResourceUtils: No custom resources configured for spark.driver.
25/03/30 10:28:46 INFO ResourceUtils: ==============================================================
25/03/30 10:28:46 INFO SparkContext: Submitted application: AgriDataBatchProcessing
25/03/30 10:28:46 INFO ResourceProfile: Default ResourceProfile created, executor resources: Map(cores -> name: cores, amount: 1, script: , vendor: , memory -> name: memory, amount: 1024, script: , vendor: , offHeap -> name: offHeap, amount: 0, script: , vendor: ), task resources: Map(cpus -> name: cpus, amount: 1.0)
25/03/30 10:28:46 INFO ResourceProfile: Limiting resource is cpu
25/03/30 10:28:46 INFO ResourceProfileManager: Added ResourceProfile id: 0
25/03/30 10:28:47 INFO SecurityManager: Changing view acls to: root
25/03/30 10:28:47 INFO SecurityManager: Changing modify acls to: root
25/03/30 10:28:47 INFO SecurityManager: Changing view acls groups to: 
25/03/30 10:28:47 INFO SecurityManager: Changing modify acls groups to: 
25/03/30 10:28:47 INFO SecurityManager: SecurityManager: authentication disabled; ui acls disabled; users  with view permissions: Set(root); groups with view permissions: Set(); users  with modify permissions: Set(root); groups with modify permissions: Set()
25/03/30 10:28:49 INFO Utils: Successfully started service 'sparkDriver' on port 37513.
25/03/30 10:28:50 INFO SparkEnv: Registering MapOutputTracker
25/03/30 10:28:50 INFO SparkEnv: Registering BlockManagerMaster
25/03/30 10:28:50 INFO BlockManagerMasterEndpoint: Using org.apache.spark.storage.DefaultTopologyMapper for getting topology information
25/03/30 10:28:50 INFO BlockManagerMasterEndpoint: BlockManagerMasterEndpoint up
25/03/30 10:28:51 INFO SparkEnv: Registering BlockManagerMasterHeartbeat
25/03/30 10:28:51 INFO DiskBlockManager: Created local directory at /tmp/blockmgr-543864e5-11b7-460b-a962-607d1e01df96
25/03/30 10:28:51 INFO MemoryStore: MemoryStore started with capacity 434.4 MiB
25/03/30 10:28:51 INFO SparkEnv: Registering OutputCommitCoordinator
25/03/30 10:28:54 INFO Utils: Successfully started service 'SparkUI' on port 4040.
25/03/30 10:28:54 INFO SparkContext: Added file file:///opt/bitnami/spark/gcp-creds.json at spark://6b1139ee1723:37513/files/gcp-creds.json with timestamp 1743330525723
25/03/30 10:28:54 INFO Utils: Copying /opt/bitnami/spark/gcp-creds.json to /tmp/spark-d72fae3c-a2aa-4cd2-8bc9-ae1513e1a2e9/userFiles-a54bd421-d1ad-4c5e-94fd-9b2297ec4bfd/gcp-creds.json
25/03/30 10:28:55 INFO StandaloneAppClient$ClientEndpoint: Connecting to master spark://spark-master:7077...
25/03/30 10:28:55 INFO TransportClientFactory: Successfully created connection to spark-master/172.27.0.13:7077 after 128 ms (0 ms spent in bootstraps)
25/03/30 10:28:56 INFO StandaloneSchedulerBackend: Connected to Spark cluster with app ID app-20250330102856-0000
25/03/30 10:28:56 INFO Utils: Successfully started service 'org.apache.spark.network.netty.NettyBlockTransferService' on port 41685.
25/03/30 10:28:56 INFO NettyBlockTransferService: Server created on 6b1139ee1723:41685
25/03/30 10:28:56 INFO BlockManager: Using org.apache.spark.storage.RandomBlockReplicationPolicy for block replication policy
25/03/30 10:28:56 INFO BlockManagerMaster: Registering BlockManager BlockManagerId(driver, 6b1139ee1723, 41685, None)
25/03/30 10:28:56 INFO BlockManagerMasterEndpoint: Registering block manager 6b1139ee1723:41685 with 434.4 MiB RAM, BlockManagerId(driver, 6b1139ee1723, 41685, None)
25/03/30 10:28:56 INFO BlockManagerMaster: Registered BlockManager BlockManagerId(driver, 6b1139ee1723, 41685, None)
25/03/30 10:28:56 INFO BlockManager: Initialized BlockManager: BlockManagerId(driver, 6b1139ee1723, 41685, None)
25/03/30 10:28:56 INFO StandaloneAppClient$ClientEndpoint: Executor added: app-20250330102856-0000/0 on worker-20250330102159-172.27.0.14-39857 (172.27.0.14:39857) with 1 core(s)
25/03/30 10:28:56 INFO StandaloneSchedulerBackend: Granted executor ID app-20250330102856-0000/0 on hostPort 172.27.0.14:39857 with 1 core(s), 1024.0 MiB RAM
25/03/30 10:28:58 INFO StandaloneAppClient$ClientEndpoint: Executor updated: app-20250330102856-0000/0 is now RUNNING
25/03/30 10:28:59 INFO StandaloneSchedulerBackend: SchedulerBackend is ready for scheduling beginning after reached minRegisteredResourcesRatio: 0.0
25/03/30 10:29:02 INFO SharedState: Setting hive.metastore.warehouse.dir ('null') to the value of spark.sql.warehouse.dir.
25/03/30 10:29:02 INFO SharedState: Warehouse path is 'file:/opt/bitnami/spark/spark-warehouse'.
25/03/30 10:29:11 WARN FileStreamSink: Assume no metadata directory. Error while looking for metadata directory in the path: gs://agri_data_bucket/raw/agri_data/*.parquet.
org.apache.hadoop.fs.UnsupportedFileSystemException: No FileSystem for scheme "gs"
	at org.apache.hadoop.fs.FileSystem.getFileSystemClass(FileSystem.java:3443)
	at org.apache.hadoop.fs.FileSystem.createFileSystem(FileSystem.java:3466)
	at org.apache.hadoop.fs.FileSystem.access$300(FileSystem.java:174)
	at org.apache.hadoop.fs.FileSystem$Cache.getInternal(FileSystem.java:3574)
	at org.apache.hadoop.fs.FileSystem$Cache.get(FileSystem.java:3521)
	at org.apache.hadoop.fs.FileSystem.get(FileSystem.java:540)
	at org.apache.hadoop.fs.Path.getFileSystem(Path.java:365)
	at org.apache.spark.sql.execution.streaming.FileStreamSink$.hasMetadata(FileStreamSink.scala:53)
	at org.apache.spark.sql.execution.datasources.DataSource.resolveRelation(DataSource.scala:370)
	at org.apache.spark.sql.DataFrameReader.loadV1Source(DataFrameReader.scala:228)
	at org.apache.spark.sql.DataFrameReader.$anonfun$load$2(DataFrameReader.scala:210)
	at scala.Option.getOrElse(Option.scala:189)
	at org.apache.spark.sql.DataFrameReader.load(DataFrameReader.scala:210)
	at org.apache.spark.sql.DataFrameReader.parquet(DataFrameReader.scala:562)
	at java.base/jdk.internal.reflect.NativeMethodAccessorImpl.invoke0(Native Method)
	at java.base/jdk.internal.reflect.NativeMethodAccessorImpl.invoke(Unknown Source)
	at java.base/jdk.internal.reflect.DelegatingMethodAccessorImpl.invoke(Unknown Source)
	at java.base/java.lang.reflect.Method.invoke(Unknown Source)
	at py4j.reflection.MethodInvoker.invoke(MethodInvoker.java:244)
	at py4j.reflection.ReflectionEngine.invoke(ReflectionEngine.java:357)
	at py4j.Gateway.invoke(Gateway.java:282)
	at py4j.commands.AbstractCommand.invokeMethod(AbstractCommand.java:132)
	at py4j.commands.CallCommand.execute(CallCommand.java:79)
	at py4j.ClientServerConnection.waitForCommands(ClientServerConnection.java:182)
	at py4j.ClientServerConnection.run(ClientServerConnection.java:106)
	at java.base/java.lang.Thread.run(Unknown Source)
Error loading data from gs://agri_data_bucket/raw/agri_data/*.parquet: An error occurred while calling o35.parquet.
: org.apache.hadoop.fs.UnsupportedFileSystemException: No FileSystem for scheme "gs"
	at org.apache.hadoop.fs.FileSystem.getFileSystemClass(FileSystem.java:3443)
	at org.apache.hadoop.fs.FileSystem.createFileSystem(FileSystem.java:3466)
	at org.apache.hadoop.fs.FileSystem.access$300(FileSystem.java:174)
	at org.apache.hadoop.fs.FileSystem$Cache.getInternal(FileSystem.java:3574)
	at org.apache.hadoop.fs.FileSystem$Cache.get(FileSystem.java:3521)
	at org.apache.hadoop.fs.FileSystem.get(FileSystem.java:540)
	at org.apache.hadoop.fs.Path.getFileSystem(Path.java:365)
	at org.apache.spark.sql.execution.datasources.DataSource$.$anonfun$checkAndGlobPathIfNecessary$1(DataSource.scala:752)
	at scala.collection.immutable.List.map(List.scala:293)
	at org.apache.spark.sql.execution.datasources.DataSource$.checkAndGlobPathIfNecessary(DataSource.scala:750)
	at org.apache.spark.sql.execution.datasources.DataSource.checkAndGlobPathIfNecessary(DataSource.scala:579)
	at org.apache.spark.sql.execution.datasources.DataSource.resolveRelation(DataSource.scala:408)
	at org.apache.spark.sql.DataFrameReader.loadV1Source(DataFrameReader.scala:228)
	at org.apache.spark.sql.DataFrameReader.$anonfun$load$2(DataFrameReader.scala:210)
	at scala.Option.getOrElse(Option.scala:189)
	at org.apache.spark.sql.DataFrameReader.load(DataFrameReader.scala:210)
	at org.apache.spark.sql.DataFrameReader.parquet(DataFrameReader.scala:562)
	at java.base/jdk.internal.reflect.NativeMethodAccessorImpl.invoke0(Native Method)
	at java.base/jdk.internal.reflect.NativeMethodAccessorImpl.invoke(Unknown Source)
	at java.base/jdk.internal.reflect.DelegatingMethodAccessorImpl.invoke(Unknown Source)
	at java.base/java.lang.reflect.Method.invoke(Unknown Source)
	at py4j.reflection.MethodInvoker.invoke(MethodInvoker.java:244)
	at py4j.reflection.ReflectionEngine.invoke(ReflectionEngine.java:357)
	at py4j.Gateway.invoke(Gateway.java:282)
	at py4j.commands.AbstractCommand.invokeMethod(AbstractCommand.java:132)
	at py4j.commands.CallCommand.execute(CallCommand.java:79)
	at py4j.ClientServerConnection.waitForCommands(ClientServerConnection.java:182)
	at py4j.ClientServerConnection.run(ClientServerConnection.java:106)
	at java.base/java.lang.Thread.run(Unknown Source)

Creating a sample dataset for development/testing...
Error in batch processing: field Fertilizer_Amount: FloatType() can not accept object 0 in type <class 'int'>
25/03/30 10:29:12 INFO SparkUI: Stopped Spark web UI at http://6b1139ee1723:4040
25/03/30 10:29:12 INFO StandaloneSchedulerBackend: Shutting down all executors
25/03/30 10:29:12 INFO CoarseGrainedSchedulerBackend$DriverEndpoint: Asking each executor to shut down
25/03/30 10:29:12 INFO MapOutputTrackerMasterEndpoint: MapOutputTrackerMasterEndpoint stopped!
25/03/30 10:29:13 INFO MemoryStore: MemoryStore cleared
25/03/30 10:29:13 INFO BlockManager: BlockManager stopped
25/03/30 10:29:13 INFO BlockManagerMaster: BlockManagerMaster stopped
25/03/30 10:29:13 INFO OutputCommitCoordinator$OutputCommitCoordinatorEndpoint: OutputCommitCoordinator stopped!
25/03/30 10:29:13 INFO SparkContext: Successfully stopped SparkContext
25/03/30 10:29:14 INFO ShutdownHookManager: Shutdown hook called
25/03/30 10:29:14 INFO ShutdownHookManager: Deleting directory /tmp/spark-ec0194a6-2f82-46dd-96f8-2f1bc80ec3b2
25/03/30 10:29:14 INFO ShutdownHookManager: Deleting directory /tmp/spark-d72fae3c-a2aa-4cd2-8bc9-ae1513e1a2e9/pyspark-b73b6f16-c31c-4eca-8c02-2f07b9ff67c8
25/03/30 10:29:14 INFO ShutdownHookManager: Deleting directory /tmp/spark-d72fae3c-a2aa-4cd2-8bc9-ae1513e1a2e9
